PLINK v1.90b6.21 64-bit (19 Oct 2020)
Options in effect:
  --allow-extra-chr
  --distance square
  --double-id
  --out plink_3101
  --vcf /home/jobucher/sushi_project_JB/data/test_vcf_dataset/ragi_highcov_sa0001_1k.vcf.gz

Hostname: fgcz-c-047
Working directory: /home/jobucher/git/ezRun/R/PCAMDS_shiny/data
Start time: Tue Jan 31 11:02:55 2023

Random number seed: 1675159375
1032004 MB RAM detected; reserving 516002 MB for main workspace.
--vcf: plink_3101-temporary.bed + plink_3101-temporary.bim +
plink_3101-temporary.fam written.
886 variants loaded from .bim file.
42 people (0 males, 0 females, 42 ambiguous) loaded from .fam.
Ambiguous sex IDs written to plink_3101.nosex .
Using up to 31 threads (change this with --threads).
Before main variant filters, 42 founders and 0 nonfounders present.
Calculating allele frequencies... done.
Total genotyping rate is 0.819789.
886 variants and 42 people pass filters and QC.
Note: No phenotypes present.
Distance matrix calculation complete.
IDs written to plink_3101.dist.id .
Distances (allele counts) written to plink_3101.dist .

End time: Tue Jan 31 11:02:55 2023
